<?xml version="1.0" encoding="UTF-8"?>
<testng-results ignored="0" total="2" passed="2" failed="0" skipped="0">
  <reporter-output>
  </reporter-output>
  <suite started-at="2024-12-25T19:12:54 CST" name="Master Suite" finished-at="2024-12-25T19:13:10 CST" duration-ms="16203">
    <groups>
      <group name="Master">
        <method signature="TC001_AccountRegistrationTest.Verify_Registration()[pri:0, instance:testCases.TC001_AccountRegistrationTest@13330ac6]" name="Verify_Registration" class="testCases.TC001_AccountRegistrationTest"/>
        <method signature="TC002_LoginTest.Verify_Login()[pri:0, instance:testCases.TC002_LoginTest@6f63b475]" name="Verify_Login" class="testCases.TC002_LoginTest"/>
      </group> <!-- Master -->
      <group name="Sanity">
        <method signature="TC002_LoginTest.Verify_Login()[pri:0, instance:testCases.TC002_LoginTest@6f63b475]" name="Verify_Login" class="testCases.TC002_LoginTest"/>
      </group> <!-- Sanity -->
      <group name="Regression">
        <method signature="TC001_AccountRegistrationTest.Verify_Registration()[pri:0, instance:testCases.TC001_AccountRegistrationTest@13330ac6]" name="Verify_Registration" class="testCases.TC001_AccountRegistrationTest"/>
      </group> <!-- Regression -->
    </groups>
    <test started-at="2024-12-25T19:12:54 CST" name="Test" finished-at="2024-12-25T19:13:10 CST" duration-ms="16203">
      <class name="testCases.TC002_LoginTest">
        <test-method is-config="true" signature="setup(java.lang.String,java.lang.String)[pri:0, instance:testCases.TC002_LoginTest@6f63b475]" started-at="2024-12-25T19:13:04 CST" name="setup" finished-at="2024-12-25T19:13:06 CST" duration-ms="2464" status="PASS">
          <params>
            <param index="0">
              <value>
                <![CDATA[Windows]]>
              </value>
            </param>
            <param index="1">
              <value>
                <![CDATA[Edge]]>
              </value>
            </param>
          </params>
          <reporter-output>
          </reporter-output>
        </test-method> <!-- setup -->
        <test-method signature="Verify_Login()[pri:0, instance:testCases.TC002_LoginTest@6f63b475]" started-at="2024-12-25T19:13:06 CST" name="Verify_Login" finished-at="2024-12-25T19:13:09 CST" duration-ms="2542" status="PASS">
          <reporter-output>
          </reporter-output>
        </test-method> <!-- Verify_Login -->
        <test-method is-config="true" signature="tearDown()[pri:0, instance:testCases.TC002_LoginTest@6f63b475]" started-at="2024-12-25T19:13:09 CST" name="tearDown" finished-at="2024-12-25T19:13:10 CST" duration-ms="1372" status="PASS">
          <reporter-output>
          </reporter-output>
        </test-method> <!-- tearDown -->
      </class> <!-- testCases.TC002_LoginTest -->
      <class name="testCases.TC001_AccountRegistrationTest">
        <test-method is-config="true" signature="setup(java.lang.String,java.lang.String)[pri:0, instance:testCases.TC001_AccountRegistrationTest@13330ac6]" started-at="2024-12-25T19:12:54 CST" name="setup" finished-at="2024-12-25T19:12:58 CST" duration-ms="3255" status="PASS">
          <params>
            <param index="0">
              <value>
                <![CDATA[Windows]]>
              </value>
            </param>
            <param index="1">
              <value>
                <![CDATA[Edge]]>
              </value>
            </param>
          </params>
          <reporter-output>
          </reporter-output>
        </test-method> <!-- setup -->
        <test-method signature="Verify_Registration()[pri:0, instance:testCases.TC001_AccountRegistrationTest@13330ac6]" started-at="2024-12-25T19:12:58 CST" name="Verify_Registration" finished-at="2024-12-25T19:13:03 CST" duration-ms="4879" status="PASS">
          <reporter-output>
          </reporter-output>
        </test-method> <!-- Verify_Registration -->
        <test-method is-config="true" signature="tearDown()[pri:0, instance:testCases.TC001_AccountRegistrationTest@13330ac6]" started-at="2024-12-25T19:13:03 CST" name="tearDown" finished-at="2024-12-25T19:13:04 CST" duration-ms="1397" status="PASS">
          <reporter-output>
          </reporter-output>
        </test-method> <!-- tearDown -->
      </class> <!-- testCases.TC001_AccountRegistrationTest -->
    </test> <!-- Test -->
  </suite> <!-- Master Suite -->
</testng-results>
