<?xml version="1.0" encoding="UTF-8"?>
<testsuite xmlns:xsi="http://www.w3.org/2001/XMLSchema-instance" xsi:noNamespaceSchemaLocation="https://maven.apache.org/surefire/maven-surefire-plugin/xsd/surefire-test-report.xsd" version="3.0.2" name="TestSuite" time="19.152" tests="2" errors="0" skipped="0" failures="0">
  <properties>
[...]
</properties>
  <testcase name="Verify_Registration" classname="testCases.TC001_AccountRegistrationTest" time="4.898">
    <system-out><![CDATA[2024-12-25T11:12:54.176561Z main INFO Starting configuration XmlConfiguration[location=C:\JavaSelenium\HybridFramework\target\test-classes\log4j2.xml, lastModified=2024-12-15T07:51:25.449Z]...
2024-12-25T11:12:54.181560700Z main INFO Start watching for changes to C:\JavaSelenium\HybridFramework\target\test-classes\log4j2.xml every 0 seconds
2024-12-25T11:12:54.182980600Z main INFO Configuration XmlConfiguration[location=C:\JavaSelenium\HybridFramework\target\test-classes\log4j2.xml, lastModified=2024-12-15T07:51:25.449Z] started.
2024-12-25T11:12:54.190802900Z main INFO Stopping configuration org.apache.logging.log4j.core.config.DefaultConfiguration@470f1802...
2024-12-25T11:12:54.191807700Z main INFO Configuration org.apache.logging.log4j.core.config.DefaultConfiguration@470f1802 stopped.
]]></system-out>
    <system-err><![CDATA[Dec 25, 2024 7:12:56 PM org.openqa.selenium.devtools.CdpVersionFinder findNearestMatch
WARNING: Unable to find an exact match for CDP version 131, returning the closest version; found: 129; Please update to a Selenium version that supports CDP version 131
]]></system-err>
  </testcase>
  <testcase name="Verify_Login" classname="testCases.TC002_LoginTest" time="2.542">
    <system-err><![CDATA[Dec 25, 2024 7:13:05 PM org.openqa.selenium.devtools.CdpVersionFinder findNearestMatch
WARNING: Unable to find an exact match for CDP version 131, returning the closest version; found: 129; Please update to a Selenium version that supports CDP version 131
]]></system-err>
  </testcase>
</testsuite>